[xorm] [info]  2016/07/24 01:24:06.104243 [sql] SELECT `id`, `title`, `price_data`, `value_ids`, `values`, `attributes`, `manufacturer_id`, `model_id` FROM `entity` LIMIT 10
[xorm] [info]  2016/07/24 01:24:11.989241 [sql] INSERT INTO `entity` (`title`, `price_data`, `value_ids`, `values`, `attributes`, `manufacturer_id`, `model_id`) VALUES (?, ?, ?, ?, ?, ?, ?) [args] [asdsad 0 null null null 0 0]
[xorm] [debug] 2016/07/24 01:24:11.999249 [time] INSERT INTO `entity` (`title`, `price_data`, `value_ids`, `values`, `attributes`, `manufacturer_id`, `model_id`) VALUES (?, ?, ?, ?, ?, ?, ?) - args [asdsad 0 null null null 0 0] - execution took: 9934605ns
[xorm] [info]  2016/07/24 01:24:13.858029 [sql] INSERT INTO `entity` (`title`, `price_data`, `value_ids`, `values`, `attributes`, `manufacturer_id`, `model_id`) VALUES (?, ?, ?, ?, ?, ?, ?) [args] [asdasd 0 null null null 0 0]
[xorm] [debug] 2016/07/24 01:24:13.872742 [time] INSERT INTO `entity` (`title`, `price_data`, `value_ids`, `values`, `attributes`, `manufacturer_id`, `model_id`) VALUES (?, ?, ?, ?, ?, ?, ?) - args [asdasd 0 null null null 0 0] - execution took: 14648375ns
[xorm] [info]  2016/07/24 01:24:15.884647 [sql] INSERT INTO `entity` (`title`, `price_data`, `value_ids`, `values`, `attributes`, `manufacturer_id`, `model_id`) VALUES (?, ?, ?, ?, ?, ?, ?) [args] [asdasd 0 null null null 0 0]
[xorm] [debug] 2016/07/24 01:24:15.891770 [time] INSERT INTO `entity` (`title`, `price_data`, `value_ids`, `values`, `attributes`, `manufacturer_id`, `model_id`) VALUES (?, ?, ?, ?, ?, ?, ?) - args [asdasd 0 null null null 0 0] - execution took: 7056241ns
[xorm] [info]  2016/07/24 01:24:18.289133 [sql] SELECT `id`, `title`, `price_data`, `value_ids`, `values`, `attributes`, `manufacturer_id`, `model_id` FROM `entity` LIMIT 10
[xorm] [info]  2016/07/24 01:24:40.382889 [sql] SELECT `id`, `title`, `price_data`, `value_ids`, `values`, `attributes`, `manufacturer_id`, `model_id` FROM `entity` WHERE `id` = ? LIMIT 1 [args] [1]
[xorm] [info]  2016/07/24 01:24:40.383317 [sql] SELECT `id`, `title`, `price_data`, `value_ids`, `values`, `attributes`, `manufacturer_id`, `model_id` FROM `entity` WHERE `id` = ? LIMIT 1 [args] [1]
[xorm] [info]  2016/07/24 01:24:40.383542 [sql] SELECT DISTINCT `attribute_id` FROM `value` WHERE (`id` IN ())
[xorm] [info]  2016/07/24 01:24:40.383707 [sql] SELECT `id`, `name`, `value_type` FROM `attribute` WHERE (`id` IN ())
[xorm] [info]  2016/07/24 01:24:40.384330 [sql] SELECT `id`, `name`, `value_type` FROM `attribute`
[xorm] [info]  2016/07/24 01:24:47.401521 [sql] SELECT `id`, `title`, `price_data`, `value_ids`, `values`, `attributes`, `manufacturer_id`, `model_id` FROM `entity` WHERE `id` = ? LIMIT 1 [args] [1]
[xorm] [info]  2016/07/24 01:24:47.401885 [sql] SELECT `id`, `title`, `price_data`, `value_ids`, `values`, `attributes`, `manufacturer_id`, `model_id` FROM `entity` WHERE `id` = ? LIMIT 1 [args] [1]
[xorm] [info]  2016/07/24 01:24:47.402067 [sql] SELECT DISTINCT `attribute_id` FROM `value` WHERE (`id` IN ())
[xorm] [info]  2016/07/24 01:24:47.402204 [sql] SELECT `id`, `name`, `value_type` FROM `attribute` WHERE (`id` IN ())
[xorm] [info]  2016/07/24 01:24:47.402415 [sql] UPDATE `entity` SET `title` = ?, `price_data` = ? WHERE `id` = ? [args] [asdsad 121200 1]
[xorm] [debug] 2016/07/24 01:24:47.407800 [time] UPDATE `entity` SET `title` = ?, `price_data` = ? WHERE `id` = ? - args [asdsad 121200 1] - execution took: 5335917ns
[xorm] [info]  2016/07/24 01:24:47.407909 [sql] SELECT `id`, `name`, `value_type` FROM `attribute`
[xorm] [info]  2016/07/24 01:24:49.900306 [sql] SELECT `id`, `title`, `price_data`, `value_ids`, `values`, `attributes`, `manufacturer_id`, `model_id` FROM `entity` LIMIT 10
[xorm] [info]  2016/07/24 01:25:20.899964 [sql] INSERT INTO `attribute` (`name`, `value_type`) VALUES (?, ?) [args] [Цвет 2]
[xorm] [debug] 2016/07/24 01:25:20.906604 [time] INSERT INTO `attribute` (`name`, `value_type`) VALUES (?, ?) - args [Цвет 2] - execution took: 6575870ns
[xorm] [info]  2016/07/24 01:25:33.357240 [sql] INSERT INTO `attribute` (`name`, `value_type`) VALUES (?, ?) [args] [Длина 2]
[xorm] [debug] 2016/07/24 01:25:33.364267 [time] INSERT INTO `attribute` (`name`, `value_type`) VALUES (?, ?) - args [Длина 2] - execution took: 6939126ns
[xorm] [info]  2016/07/24 01:25:39.259367 [sql] SELECT `id`, `title`, `price_data`, `value_ids`, `values`, `attributes`, `manufacturer_id`, `model_id` FROM `entity` WHERE `id` = ? LIMIT 1 [args] [1]
[xorm] [info]  2016/07/24 01:25:39.259754 [sql] SELECT `id`, `title`, `price_data`, `value_ids`, `values`, `attributes`, `manufacturer_id`, `model_id` FROM `entity` WHERE `id` = ? LIMIT 1 [args] [1]
[xorm] [info]  2016/07/24 01:25:39.259979 [sql] SELECT DISTINCT `attribute_id` FROM `value` WHERE (`id` IN ())
[xorm] [info]  2016/07/24 01:25:39.260146 [sql] SELECT `id`, `name`, `value_type` FROM `attribute` WHERE (`id` IN ())
[xorm] [info]  2016/07/24 01:25:39.260603 [sql] SELECT `id`, `name`, `value_type` FROM `attribute`
[xorm] [info]  2016/07/24 01:26:00.594886 [sql] SELECT `id`, `title`, `price_data`, `value_ids`, `values`, `attributes`, `manufacturer_id`, `model_id` FROM `entity` WHERE `id` = ? LIMIT 1 [args] [1]
[xorm] [info]  2016/07/24 01:26:00.595339 [sql] SELECT `id`, `attribute_id`, `attribute`, `value` FROM `value` WHERE value = ? and attribute_id = ? LIMIT 1 [args] [Чёрный 1]
[xorm] [info]  2016/07/24 01:26:00.595511 [sql] INSERT INTO `value` (`attribute_id`, `attribute`, `value`) VALUES (?, ?, ?) [args] [1 <nil> Чёрный]
[xorm] [debug] 2016/07/24 01:26:00.605565 [time] INSERT INTO `value` (`attribute_id`, `attribute`, `value`) VALUES (?, ?, ?) - args [1 <nil> Чёрный] - execution took: 10007570ns
[xorm] [info]  2016/07/24 01:26:00.605724 [sql] UPDATE `entity` SET `title` = ?, `price_data` = ?, `value_ids` = ? WHERE `id` = ? [args] [asdsad 121200 [1] 1]
[xorm] [debug] 2016/07/24 01:26:00.612027 [time] UPDATE `entity` SET `title` = ?, `price_data` = ?, `value_ids` = ? WHERE `id` = ? - args [asdsad 121200 [1] 1] - execution took: 6265542ns
[xorm] [info]  2016/07/24 01:26:00.619729 [sql] SELECT `id`, `title`, `price_data`, `value_ids`, `values`, `attributes`, `manufacturer_id`, `model_id` FROM `entity` WHERE `id` = ? LIMIT 1 [args] [1]
[xorm] [info]  2016/07/24 01:26:00.620240 [sql] SELECT `id`, `attribute_id`, `attribute`, `value` FROM `value` WHERE (`id` IN (?)) [args] [1]
[xorm] [info]  2016/07/24 01:26:00.620454 [sql] SELECT `id`, `title`, `price_data`, `value_ids`, `values`, `attributes`, `manufacturer_id`, `model_id` FROM `entity` WHERE `id` = ? LIMIT 1 [args] [1]
[xorm] [info]  2016/07/24 01:26:00.620687 [sql] SELECT `id`, `attribute_id`, `attribute`, `value` FROM `value` WHERE (`id` IN (?)) [args] [1]
[xorm] [info]  2016/07/24 01:26:00.620875 [sql] SELECT DISTINCT `attribute_id` FROM `value` WHERE (`id` IN (?)) [args] [1]
[xorm] [info]  2016/07/24 01:26:00.621112 [sql] SELECT `id`, `name`, `value_type` FROM `attribute` WHERE (`id` IN (?)) [args] [1]
[xorm] [info]  2016/07/24 01:26:00.621329 [sql] SELECT `id`, `name`, `value_type` FROM `attribute`
[xorm] [info]  2016/07/24 01:26:11.192640 [sql] SELECT `id`, `title`, `price_data`, `value_ids`, `values`, `attributes`, `manufacturer_id`, `model_id` FROM `entity` WHERE `id` = ? LIMIT 1 [args] [1]
[xorm] [info]  2016/07/24 01:26:11.192990 [sql] SELECT `id`, `attribute_id`, `attribute`, `value` FROM `value` WHERE (`id` IN (?)) [args] [1]
[xorm] [info]  2016/07/24 01:26:11.193154 [sql] SELECT `id`, `attribute_id`, `attribute`, `value` FROM `value` WHERE value = ? and attribute_id = ? LIMIT 1 [args] [1.8 метров 2]
[xorm] [info]  2016/07/24 01:26:11.193295 [sql] INSERT INTO `value` (`attribute_id`, `attribute`, `value`) VALUES (?, ?, ?) [args] [2 <nil> 1.8 метров]
[xorm] [debug] 2016/07/24 01:26:11.200509 [time] INSERT INTO `value` (`attribute_id`, `attribute`, `value`) VALUES (?, ?, ?) - args [2 <nil> 1.8 метров] - execution took: 7165350ns
[xorm] [info]  2016/07/24 01:26:11.200660 [sql] UPDATE `entity` SET `title` = ?, `price_data` = ?, `value_ids` = ?, `values` = ? WHERE `id` = ? [args] [asdsad 121200 [1,2] [{"Id":1,"AttributeId":1,"Attribute":null,"Value":"Чёрный"}] 1]
[xorm] [debug] 2016/07/24 01:26:11.207203 [time] UPDATE `entity` SET `title` = ?, `price_data` = ?, `value_ids` = ?, `values` = ? WHERE `id` = ? - args [asdsad 121200 [1,2] [{"Id":1,"AttributeId":1,"Attribute":null,"Value":"Чёрный"}] 1] - execution took: 6470580ns
[xorm] [info]  2016/07/24 01:26:11.213171 [sql] SELECT `id`, `title`, `price_data`, `value_ids`, `values`, `attributes`, `manufacturer_id`, `model_id` FROM `entity` WHERE `id` = ? LIMIT 1 [args] [1]
[xorm] [info]  2016/07/24 01:26:11.213558 [sql] SELECT `id`, `attribute_id`, `attribute`, `value` FROM `value` WHERE (`id` IN (?,?)) [args] [1 2]
[xorm] [info]  2016/07/24 01:26:11.213823 [sql] SELECT `id`, `title`, `price_data`, `value_ids`, `values`, `attributes`, `manufacturer_id`, `model_id` FROM `entity` WHERE `id` = ? LIMIT 1 [args] [1]
[xorm] [info]  2016/07/24 01:26:11.214043 [sql] SELECT `id`, `attribute_id`, `attribute`, `value` FROM `value` WHERE (`id` IN (?,?)) [args] [1 2]
[xorm] [info]  2016/07/24 01:26:11.214249 [sql] SELECT DISTINCT `attribute_id` FROM `value` WHERE (`id` IN (?,?)) [args] [1 2]
[xorm] [info]  2016/07/24 01:26:11.214484 [sql] SELECT `id`, `name`, `value_type` FROM `attribute` WHERE (`id` IN (?,?)) [args] [1 2]
[xorm] [info]  2016/07/24 01:26:11.214693 [sql] SELECT `id`, `name`, `value_type` FROM `attribute`
[xorm] [info]  2016/07/24 01:26:14.703197 [sql] SELECT `id`, `title`, `price_data`, `value_ids`, `values`, `attributes`, `manufacturer_id`, `model_id` FROM `entity` WHERE `id` = ? LIMIT 1 [args] [1]
[xorm] [info]  2016/07/24 01:26:14.703557 [sql] SELECT `id`, `attribute_id`, `attribute`, `value` FROM `value` WHERE (`id` IN (?,?)) [args] [1 2]
[xorm] [info]  2016/07/24 01:26:14.703771 [sql] SELECT `id`, `title`, `price_data`, `value_ids`, `values`, `attributes`, `manufacturer_id`, `model_id` FROM `entity` WHERE `id` = ? LIMIT 1 [args] [1]
[xorm] [info]  2016/07/24 01:26:14.703962 [sql] SELECT `id`, `attribute_id`, `attribute`, `value` FROM `value` WHERE (`id` IN (?,?)) [args] [1 2]
[xorm] [info]  2016/07/24 01:26:14.704143 [sql] SELECT DISTINCT `attribute_id` FROM `value` WHERE (`id` IN (?,?)) [args] [1 2]
[xorm] [info]  2016/07/24 01:26:14.704360 [sql] SELECT `id`, `name`, `value_type` FROM `attribute` WHERE (`id` IN (?,?)) [args] [1 2]
[xorm] [info]  2016/07/24 01:26:14.704545 [sql] SELECT `id`, `name`, `value_type` FROM `attribute`
[xorm] [info]  2016/07/24 01:26:17.439706 [sql] SELECT `id`, `title`, `price_data`, `value_ids`, `values`, `attributes`, `manufacturer_id`, `model_id` FROM `entity` WHERE `id` = ? LIMIT 1 [args] [1]
[xorm] [info]  2016/07/24 01:26:17.440337 [sql] SELECT `id`, `attribute_id`, `attribute`, `value` FROM `value` WHERE (`id` IN (?,?)) [args] [1 2]
[xorm] [info]  2016/07/24 01:26:17.440772 [sql] SELECT `id`, `title`, `price_data`, `value_ids`, `values`, `attributes`, `manufacturer_id`, `model_id` FROM `entity` WHERE `id` = ? LIMIT 1 [args] [1]
[xorm] [info]  2016/07/24 01:26:17.441179 [sql] SELECT `id`, `attribute_id`, `attribute`, `value` FROM `value` WHERE (`id` IN (?,?)) [args] [1 2]
[xorm] [info]  2016/07/24 01:26:17.441558 [sql] SELECT DISTINCT `attribute_id` FROM `value` WHERE (`id` IN (?,?)) [args] [1 2]
[xorm] [info]  2016/07/24 01:26:17.442075 [sql] SELECT `id`, `name`, `value_type` FROM `attribute` WHERE (`id` IN (?,?)) [args] [1 2]
[xorm] [info]  2016/07/24 01:26:17.442381 [sql] SELECT `id`, `name`, `value_type` FROM `attribute`
[xorm] [info]  2016/07/24 01:26:17.865231 [sql] SELECT `id`, `title`, `price_data`, `value_ids`, `values`, `attributes`, `manufacturer_id`, `model_id` FROM `entity` WHERE `id` = ? LIMIT 1 [args] [1]
[xorm] [info]  2016/07/24 01:26:17.865598 [sql] SELECT `id`, `attribute_id`, `attribute`, `value` FROM `value` WHERE (`id` IN (?,?)) [args] [1 2]
[xorm] [info]  2016/07/24 01:26:17.865839 [sql] SELECT `id`, `title`, `price_data`, `value_ids`, `values`, `attributes`, `manufacturer_id`, `model_id` FROM `entity` WHERE `id` = ? LIMIT 1 [args] [1]
[xorm] [info]  2016/07/24 01:26:17.866070 [sql] SELECT `id`, `attribute_id`, `attribute`, `value` FROM `value` WHERE (`id` IN (?,?)) [args] [1 2]
[xorm] [info]  2016/07/24 01:26:17.866279 [sql] SELECT DISTINCT `attribute_id` FROM `value` WHERE (`id` IN (?,?)) [args] [1 2]
[xorm] [info]  2016/07/24 01:26:17.866497 [sql] SELECT `id`, `name`, `value_type` FROM `attribute` WHERE (`id` IN (?,?)) [args] [1 2]
[xorm] [info]  2016/07/24 01:26:17.866702 [sql] SELECT `id`, `name`, `value_type` FROM `attribute`
[xorm] [info]  2016/07/24 01:26:18.106157 [sql] SELECT `id`, `title`, `price_data`, `value_ids`, `values`, `attributes`, `manufacturer_id`, `model_id` FROM `entity` WHERE `id` = ? LIMIT 1 [args] [1]
[xorm] [info]  2016/07/24 01:26:18.106542 [sql] SELECT `id`, `attribute_id`, `attribute`, `value` FROM `value` WHERE (`id` IN (?,?)) [args] [1 2]
[xorm] [info]  2016/07/24 01:26:18.106790 [sql] SELECT `id`, `title`, `price_data`, `value_ids`, `values`, `attributes`, `manufacturer_id`, `model_id` FROM `entity` WHERE `id` = ? LIMIT 1 [args] [1]
[xorm] [info]  2016/07/24 01:26:18.107016 [sql] SELECT `id`, `attribute_id`, `attribute`, `value` FROM `value` WHERE (`id` IN (?,?)) [args] [1 2]
[xorm] [info]  2016/07/24 01:26:18.107221 [sql] SELECT DISTINCT `attribute_id` FROM `value` WHERE (`id` IN (?,?)) [args] [1 2]
[xorm] [info]  2016/07/24 01:26:18.107447 [sql] SELECT `id`, `name`, `value_type` FROM `attribute` WHERE (`id` IN (?,?)) [args] [1 2]
[xorm] [info]  2016/07/24 01:26:18.107657 [sql] SELECT `id`, `name`, `value_type` FROM `attribute`
[xorm] [info]  2016/07/24 01:26:18.327967 [sql] SELECT `id`, `title`, `price_data`, `value_ids`, `values`, `attributes`, `manufacturer_id`, `model_id` FROM `entity` WHERE `id` = ? LIMIT 1 [args] [1]
[xorm] [info]  2016/07/24 01:26:18.328732 [sql] SELECT `id`, `attribute_id`, `attribute`, `value` FROM `value` WHERE (`id` IN (?,?)) [args] [1 2]
[xorm] [info]  2016/07/24 01:26:18.329300 [sql] SELECT `id`, `title`, `price_data`, `value_ids`, `values`, `attributes`, `manufacturer_id`, `model_id` FROM `entity` WHERE `id` = ? LIMIT 1 [args] [1]
[xorm] [info]  2016/07/24 01:26:18.329813 [sql] SELECT `id`, `attribute_id`, `attribute`, `value` FROM `value` WHERE (`id` IN (?,?)) [args] [1 2]
[xorm] [info]  2016/07/24 01:26:18.330042 [sql] SELECT DISTINCT `attribute_id` FROM `value` WHERE (`id` IN (?,?)) [args] [1 2]
[xorm] [info]  2016/07/24 01:26:18.330328 [sql] SELECT `id`, `name`, `value_type` FROM `attribute` WHERE (`id` IN (?,?)) [args] [1 2]
[xorm] [info]  2016/07/24 01:26:18.330573 [sql] SELECT `id`, `name`, `value_type` FROM `attribute`
[xorm] [info]  2016/07/24 01:26:18.603209 [sql] SELECT `id`, `title`, `price_data`, `value_ids`, `values`, `attributes`, `manufacturer_id`, `model_id` FROM `entity` WHERE `id` = ? LIMIT 1 [args] [1]
[xorm] [info]  2016/07/24 01:26:18.603784 [sql] SELECT `id`, `attribute_id`, `attribute`, `value` FROM `value` WHERE (`id` IN (?,?)) [args] [1 2]
[xorm] [info]  2016/07/24 01:26:18.604230 [sql] SELECT `id`, `title`, `price_data`, `value_ids`, `values`, `attributes`, `manufacturer_id`, `model_id` FROM `entity` WHERE `id` = ? LIMIT 1 [args] [1]
[xorm] [info]  2016/07/24 01:26:18.604651 [sql] SELECT `id`, `attribute_id`, `attribute`, `value` FROM `value` WHERE (`id` IN (?,?)) [args] [1 2]
[xorm] [info]  2016/07/24 01:26:18.605044 [sql] SELECT DISTINCT `attribute_id` FROM `value` WHERE (`id` IN (?,?)) [args] [1 2]
[xorm] [info]  2016/07/24 01:26:18.605455 [sql] SELECT `id`, `name`, `value_type` FROM `attribute` WHERE (`id` IN (?,?)) [args] [1 2]
[xorm] [info]  2016/07/24 01:26:18.605868 [sql] SELECT `id`, `name`, `value_type` FROM `attribute`
[xorm] [info]  2016/07/24 01:26:18.848799 [sql] SELECT `id`, `title`, `price_data`, `value_ids`, `values`, `attributes`, `manufacturer_id`, `model_id` FROM `entity` WHERE `id` = ? LIMIT 1 [args] [1]
[xorm] [info]  2016/07/24 01:26:18.849275 [sql] SELECT `id`, `attribute_id`, `attribute`, `value` FROM `value` WHERE (`id` IN (?,?)) [args] [1 2]
[xorm] [info]  2016/07/24 01:26:18.849720 [sql] SELECT `id`, `title`, `price_data`, `value_ids`, `values`, `attributes`, `manufacturer_id`, `model_id` FROM `entity` WHERE `id` = ? LIMIT 1 [args] [1]
[xorm] [info]  2016/07/24 01:26:18.850077 [sql] SELECT `id`, `attribute_id`, `attribute`, `value` FROM `value` WHERE (`id` IN (?,?)) [args] [1 2]
[xorm] [info]  2016/07/24 01:26:18.850355 [sql] SELECT DISTINCT `attribute_id` FROM `value` WHERE (`id` IN (?,?)) [args] [1 2]
[xorm] [info]  2016/07/24 01:26:18.851081 [sql] SELECT `id`, `name`, `value_type` FROM `attribute` WHERE (`id` IN (?,?)) [args] [1 2]
[xorm] [info]  2016/07/24 01:26:18.851605 [sql] SELECT `id`, `name`, `value_type` FROM `attribute`
[xorm] [info]  2016/07/24 12:54:59.718018 [sql] SELECT `id`, `title`, `price_data`, `value_ids`, `values`, `attributes`, `manufacturer_id`, `model_id` FROM `entity` WHERE `id` = ? LIMIT 1 [args] [1]
[xorm] [info]  2016/07/24 12:54:59.728091 [sql] SELECT `id`, `attribute_id`, `attribute`, `value` FROM `value` WHERE (`id` IN (?,?)) [args] [1 2]
[xorm] [info]  2016/07/24 12:54:59.728601 [sql] SELECT `id`, `title`, `price_data`, `value_ids`, `values`, `attributes`, `manufacturer_id`, `model_id` FROM `entity` WHERE `id` = ? LIMIT 1 [args] [1]
[xorm] [info]  2016/07/24 12:54:59.728816 [sql] SELECT `id`, `attribute_id`, `attribute`, `value` FROM `value` WHERE (`id` IN (?,?)) [args] [1 2]
[xorm] [info]  2016/07/24 12:54:59.729007 [sql] SELECT DISTINCT `attribute_id` FROM `value` WHERE (`id` IN (?,?)) [args] [1 2]
[xorm] [info]  2016/07/24 12:54:59.729257 [sql] SELECT `id`, `name`, `value_type` FROM `attribute` WHERE (`id` IN (?,?)) [args] [1 2]
[xorm] [info]  2016/07/24 12:54:59.729465 [sql] SELECT `id`, `name`, `value_type` FROM `attribute`
